<?xml version="1.0" encoding="UTF-8"?>
<!-- Generated by org.testng.reporters.JUnitXMLReporter -->
<testsuite ignored="0" hostname="wonders-Air.lan" failures="1" tests="3" name="Errorr Validations Test" time="31.736" errors="0" timestamp="2024-03-25T15:43:08 PDT">
  <testcase classname="rshettyacademy.tests.ErrorValidationsTest" name="LoginErrorValidation" time="1.874">
    <skipped/>
  </testcase> <!-- LoginErrorValidation -->
  <testcase classname="rshettyacademy.tests.ErrorValidationsTest" name="LoginErrorValidation" time="1.37">
    <failure type="java.lang.AssertionError" message="expected [ Incorrect email or password. ] but found [Incorrect email  password.]">
      <![CDATA[java.lang.AssertionError: expected [ Incorrect email or password. ] but found [Incorrect email  password.]
at rshettyacademy.tests.ErrorValidationsTest.LoginErrorValidation(ErrorValidationsTest.java:28)
at java.base/java.util.ArrayList.forEach(ArrayList.java:1511)
... Removed 33 stack frames]]>
    </failure>
  </testcase> <!-- LoginErrorValidation -->
  <testcase classname="rshettyacademy.tests.ErrorValidationsTest" name="ProductErrorValidation" time="5.674"/>
</testsuite> <!-- Errorr Validations Test -->
