<?xml version="1.0" encoding="UTF-8"?>
<!-- Generated by org.testng.reporters.JUnitXMLReporter -->
<testsuite ignored="0" hostname="wonders-Air.lan" failures="2" tests="3" name="Submit Order Test" time="47.886" errors="0" timestamp="2024-03-25T15:42:35 PDT">
  <testcase classname="rshettyacademy.tests.SubmitOrderTest" name="submitorder" time="7.137">
    <failure type="java.lang.AssertionError">
      <![CDATA[java.lang.AssertionError: 
at rshettyacademy.tests.SubmitOrderTest.submitorder(SubmitOrderTest.java:55)
at java.base/java.util.ArrayList.forEach(ArrayList.java:1511)
... Removed 30 stack frames]]>
    </failure>
  </testcase> <!-- submitorder -->
  <testcase classname="rshettyacademy.tests.SubmitOrderTest" name="submitorder" time="7.872">
    <failure type="java.lang.AssertionError">
      <![CDATA[java.lang.AssertionError: 
at rshettyacademy.tests.SubmitOrderTest.submitorder(SubmitOrderTest.java:55)
at java.base/java.util.ArrayList.forEach(ArrayList.java:1511)
... Removed 30 stack frames]]>
    </failure>
  </testcase> <!-- submitorder -->
  <testcase classname="rshettyacademy.tests.SubmitOrderTest" name="OrderHistoryTest" time="0.0">
    <skipped/>
  </testcase> <!-- OrderHistoryTest -->
</testsuite> <!-- Submit Order Test -->
