<?xml version="1.0" encoding="UTF-8"?>
<!-- Generated by org.testng.reporters.JUnitXMLReporter -->
<testsuite ignored="0" hostname="wonders-Air.lan" failures="0" tests="2" name="Errorr Validations Test" time="24.768" errors="0" timestamp="2024-03-25T16:23:03 PDT">
  <testcase classname="rshettyacademy.tests.ErrorValidationsTest" name="LoginErrorValidation" time="1.503"/>
  <testcase classname="rshettyacademy.tests.ErrorValidationsTest" name="ProductErrorValidation" time="6.339"/>
</testsuite> <!-- Errorr Validations Test -->
