<?xml version="1.0" encoding="UTF-8"?>
<!-- Generated by org.testng.reporters.JUnitXMLReporter -->
<testsuite ignored="0" hostname="wonders-Air.lan" failures="0" tests="3" name="Submit Order Test" time="39.794" errors="0" timestamp="2024-03-25T16:23:16 PDT">
  <testcase classname="rshettyacademy.tests.SubmitOrderTest" name="submitorder" time="7.641"/>
  <testcase classname="rshettyacademy.tests.SubmitOrderTest" name="submitorder" time="6.741"/>
  <testcase classname="rshettyacademy.tests.SubmitOrderTest" name="OrderHistoryTest" time="1.837"/>
</testsuite> <!-- Submit Order Test -->
